[2021-11-27 14:51:06] production.ERROR: SQLSTATE[HY000] [1045] Access denied for user 'forge'@'localhost' (using password: NO) (SQL: select * from `developers`) {"exception":"[object] (Illuminate\\Database\\QueryException(code: 1045): SQLSTATE[HY000] [1045] Access denied for user 'forge'@'localhost' (using password: NO) (SQL: select * from `developers`) at C:\\University\\Aston - CompSci\\YEAR 2\\TP\\Submission 3\\Website\\GitHub\\immature-web\\immature\\vendor\\laravel\\framework\\src\\Illuminate\\Database\\Connection.php:703)
[stacktrace]
#0 C:\\University\\Aston - CompSci\\YEAR 2\\TP\\Submission 3\\Website\\GitHub\\immature-web\\immature\\vendor\\laravel\\framework\\src\\Illuminate\\Database\\Connection.php(663): Illuminate\\Database\\Connection->runQueryCallback('select * from `...', Array, Object(Closure))
#1 C:\\University\\Aston - CompSci\\YEAR 2\\TP\\Submission 3\\Website\\GitHub\\immature-web\\immature\\vendor\\laravel\\framework\\src\\Illuminate\\Database\\Connection.php(367): Illuminate\\Database\\Connection->run('select * from `...', Array, Object(Closure))
#2 C:\\University\\Aston - CompSci\\YEAR 2\\TP\\Submission 3\\Website\\GitHub\\immature-web\\immature\\vendor\\laravel\\framework\\src\\Illuminate\\Database\\Query\\Builder.php(2350): Illuminate\\Database\\Connection->select('select * from `...', Array, true)
#3 C:\\University\\Aston - CompSci\\YEAR 2\\TP\\Submission 3\\Website\\GitHub\\immature-web\\immature\\vendor\\laravel\\framework\\src\\Illuminate\\Database\\Query\\Builder.php(2338): Illuminate\\Database\\Query\\Builder->runSelect()
#4 C:\\University\\Aston - CompSci\\YEAR 2\\TP\\Submission 3\\Website\\GitHub\\immature-web\\immature\\vendor\\laravel\\framework\\src\\Illuminate\\Database\\Query\\Builder.php(2872): Illuminate\\Database\\Query\\Builder->Illuminate\\Database\\Query\\{closure}()
#5 C:\\University\\Aston - CompSci\\YEAR 2\\TP\\Submission 3\\Website\\GitHub\\immature-web\\immature\\vendor\\laravel\\framework\\src\\Illuminate\\Database\\Query\\Builder.php(2339): Illuminate\\Database\\Query\\Builder->onceWithColumns(Array, Object(Closure))
#6 C:\\University\\Aston - CompSci\\YEAR 2\\TP\\Submission 3\\Website\\GitHub\\immature-web\\immature\\vendor\\laravel\\framework\\src\\Illuminate\\Database\\Eloquent\\Builder.php(615): Illuminate\\Database\\Query\\Builder->get(Array)
#7 C:\\University\\Aston - CompSci\\YEAR 2\\TP\\Submission 3\\Website\\GitHub\\immature-web\\immature\\vendor\\laravel\\framework\\src\\Illuminate\\Database\\Eloquent\\Builder.php(599): Illuminate\\Database\\Eloquent\\Builder->getModels(Array)
#8 C:\\University\\Aston - CompSci\\YEAR 2\\TP\\Submission 3\\Website\\GitHub\\immature-web\\immature\\vendor\\laravel\\framework\\src\\Illuminate\\Support\\Traits\\ForwardsCalls.php(23): Illuminate\\Database\\Eloquent\\Builder->get()
#9 C:\\University\\Aston - CompSci\\YEAR 2\\TP\\Submission 3\\Website\\GitHub\\immature-web\\immature\\vendor\\laravel\\framework\\src\\Illuminate\\Database\\Eloquent\\Model.php(2109): Illuminate\\Database\\Eloquent\\Model->forwardCallTo(Object(Illuminate\\Database\\Eloquent\\Builder), 'get', Array)
#10 C:\\University\\Aston - CompSci\\YEAR 2\\TP\\Submission 3\\Website\\GitHub\\immature-web\\immature\\vendor\\laravel\\framework\\src\\Illuminate\\Database\\Eloquent\\Model.php(2121): Illuminate\\Database\\Eloquent\\Model->__call('get', Array)
#11 C:\\University\\Aston - CompSci\\YEAR 2\\TP\\Submission 3\\Website\\GitHub\\immature-web\\immature\\app\\Providers\\AppServiceProvider.php(41): Illuminate\\Database\\Eloquent\\Model::__callStatic('get', Array)
#12 C:\\University\\Aston - CompSci\\YEAR 2\\TP\\Submission 3\\Website\\GitHub\\immature-web\\immature\\vendor\\laravel\\framework\\src\\Illuminate\\Container\\BoundMethod.php(36): App\\Providers\\AppServiceProvider->boot()
#13 C:\\University\\Aston - CompSci\\YEAR 2\\TP\\Submission 3\\Website\\GitHub\\immature-web\\immature\\vendor\\laravel\\framework\\src\\Illuminate\\Container\\Util.php(40): Illuminate\\Container\\BoundMethod::Illuminate\\Container\\{closure}()
#14 C:\\University\\Aston - CompSci\\YEAR 2\\TP\\Submission 3\\Website\\GitHub\\immature-web\\immature\\vendor\\laravel\\framework\\src\\Illuminate\\Container\\BoundMethod.php(93): Illuminate\\Container\\Util::unwrapIfClosure(Object(Closure))
#15 C:\\University\\Aston - CompSci\\YEAR 2\\TP\\Submission 3\\Website\\GitHub\\immature-web\\immature\\vendor\\laravel\\framework\\src\\Illuminate\\Container\\BoundMethod.php(37): Illuminate\\Container\\BoundMethod::callBoundMethod(Object(Illuminate\\Foundation\\Application), Array, Object(Closure))
#16 C:\\University\\Aston - CompSci\\YEAR 2\\TP\\Submission 3\\Website\\GitHub\\immature-web\\immature\\vendor\\laravel\\framework\\src\\Illuminate\\Container\\Container.php(653): Illuminate\\Container\\BoundMethod::call(Object(Illuminate\\Foundation\\Application), Array, Array, NULL)
#17 C:\\University\\Aston - CompSci\\YEAR 2\\TP\\Submission 3\\Website\\GitHub\\immature-web\\immature\\vendor\\laravel\\framework\\src\\Illuminate\\Foundation\\Application.php(914): Illuminate\\Container\\Container->call(Array)
#18 C:\\University\\Aston - CompSci\\YEAR 2\\TP\\Submission 3\\Website\\GitHub\\immature-web\\immature\\vendor\\laravel\\framework\\src\\Illuminate\\Foundation\\Application.php(895): Illuminate\\Foundation\\Application->bootProvider(Object(App\\Providers\\AppServiceProvider))
#19 [internal function]: Illuminate\\Foundation\\Application->Illuminate\\Foundation\\{closure}(Object(App\\Providers\\AppServiceProvider), 23)
#20 C:\\University\\Aston - CompSci\\YEAR 2\\TP\\Submission 3\\Website\\GitHub\\immature-web\\immature\\vendor\\laravel\\framework\\src\\Illuminate\\Foundation\\Application.php(896): array_walk(Array, Object(Closure))
#21 C:\\University\\Aston - CompSci\\YEAR 2\\TP\\Submission 3\\Website\\GitHub\\immature-web\\immature\\vendor\\laravel\\framework\\src\\Illuminate\\Foundation\\Bootstrap\\BootProviders.php(17): Illuminate\\Foundation\\Application->boot()
#22 C:\\University\\Aston - CompSci\\YEAR 2\\TP\\Submission 3\\Website\\GitHub\\immature-web\\immature\\vendor\\laravel\\framework\\src\\Illuminate\\Foundation\\Application.php(237): Illuminate\\Foundation\\Bootstrap\\BootProviders->bootstrap(Object(Illuminate\\Foundation\\Application))
#23 C:\\University\\Aston - CompSci\\YEAR 2\\TP\\Submission 3\\Website\\GitHub\\immature-web\\immature\\vendor\\laravel\\framework\\src\\Illuminate\\Foundation\\Console\\Kernel.php(310): Illuminate\\Foundation\\Application->bootstrapWith(Array)
#24 C:\\University\\Aston - CompSci\\YEAR 2\\TP\\Submission 3\\Website\\GitHub\\immature-web\\immature\\vendor\\laravel\\framework\\src\\Illuminate\\Foundation\\Console\\Kernel.php(127): Illuminate\\Foundation\\Console\\Kernel->bootstrap()
#25 C:\\University\\Aston - CompSci\\YEAR 2\\TP\\Submission 3\\Website\\GitHub\\immature-web\\immature\\artisan(37): Illuminate\\Foundation\\Console\\Kernel->handle(Object(Symfony\\Component\\Console\\Input\\ArgvInput), Object(Symfony\\Component\\Console\\Output\\ConsoleOutput))
#26 {main}

[previous exception] [object] (PDOException(code: 1045): SQLSTATE[HY000] [1045] Access denied for user 'forge'@'localhost' (using password: NO) at C:\\University\\Aston - CompSci\\YEAR 2\\TP\\Submission 3\\Website\\GitHub\\immature-web\\immature\\vendor\\laravel\\framework\\src\\Illuminate\\Database\\Connectors\\Connector.php:70)
[stacktrace]
#0 C:\\University\\Aston - CompSci\\YEAR 2\\TP\\Submission 3\\Website\\GitHub\\immature-web\\immature\\vendor\\laravel\\framework\\src\\Illuminate\\Database\\Connectors\\Connector.php(70): PDO->__construct('mysql:host=127....', 'forge', '', Array)
#1 C:\\University\\Aston - CompSci\\YEAR 2\\TP\\Submission 3\\Website\\GitHub\\immature-web\\immature\\vendor\\laravel\\framework\\src\\Illuminate\\Database\\Connectors\\Connector.php(46): Illuminate\\Database\\Connectors\\Connector->createPdoConnection('mysql:host=127....', 'forge', '', Array)
#2 C:\\University\\Aston - CompSci\\YEAR 2\\TP\\Submission 3\\Website\\GitHub\\immature-web\\immature\\vendor\\laravel\\framework\\src\\Illuminate\\Database\\Connectors\\MySqlConnector.php(24): Illuminate\\Database\\Connectors\\Connector->createConnection('mysql:host=127....', Array, Array)
#3 C:\\University\\Aston - CompSci\\YEAR 2\\TP\\Submission 3\\Website\\GitHub\\immature-web\\immature\\vendor\\laravel\\framework\\src\\Illuminate\\Database\\Connectors\\ConnectionFactory.php(184): Illuminate\\Database\\Connectors\\MySqlConnector->connect(Array)
#4 [internal function]: Illuminate\\Database\\Connectors\\ConnectionFactory->Illuminate\\Database\\Connectors\\{closure}()
#5 C:\\University\\Aston - CompSci\\YEAR 2\\TP\\Submission 3\\Website\\GitHub\\immature-web\\immature\\vendor\\laravel\\framework\\src\\Illuminate\\Database\\Connection.php(1021): call_user_func(Object(Closure))
#6 C:\\University\\Aston - CompSci\\YEAR 2\\TP\\Submission 3\\Website\\GitHub\\immature-web\\immature\\vendor\\laravel\\framework\\src\\Illuminate\\Database\\Connection.php(1057): Illuminate\\Database\\Connection->getPdo()
#7 C:\\University\\Aston - CompSci\\YEAR 2\\TP\\Submission 3\\Website\\GitHub\\immature-web\\immature\\vendor\\laravel\\framework\\src\\Illuminate\\Database\\Connection.php(433): Illuminate\\Database\\Connection->getReadPdo()
#8 C:\\University\\Aston - CompSci\\YEAR 2\\TP\\Submission 3\\Website\\GitHub\\immature-web\\immature\\vendor\\laravel\\framework\\src\\Illuminate\\Database\\Connection.php(359): Illuminate\\Database\\Connection->getPdoForSelect(true)
#9 C:\\University\\Aston - CompSci\\YEAR 2\\TP\\Submission 3\\Website\\GitHub\\immature-web\\immature\\vendor\\laravel\\framework\\src\\Illuminate\\Database\\Connection.php(696): Illuminate\\Database\\Connection->Illuminate\\Database\\{closure}('select * from `...', Array)
#10 C:\\University\\Aston - CompSci\\YEAR 2\\TP\\Submission 3\\Website\\GitHub\\immature-web\\immature\\vendor\\laravel\\framework\\src\\Illuminate\\Database\\Connection.php(663): Illuminate\\Database\\Connection->runQueryCallback('select * from `...', Array, Object(Closure))
#11 C:\\University\\Aston - CompSci\\YEAR 2\\TP\\Submission 3\\Website\\GitHub\\immature-web\\immature\\vendor\\laravel\\framework\\src\\Illuminate\\Database\\Connection.php(367): Illuminate\\Database\\Connection->run('select * from `...', Array, Object(Closure))
#12 C:\\University\\Aston - CompSci\\YEAR 2\\TP\\Submission 3\\Website\\GitHub\\immature-web\\immature\\vendor\\laravel\\framework\\src\\Illuminate\\Database\\Query\\Builder.php(2350): Illuminate\\Database\\Connection->select('select * from `...', Array, true)
#13 C:\\University\\Aston - CompSci\\YEAR 2\\TP\\Submission 3\\Website\\GitHub\\immature-web\\immature\\vendor\\laravel\\framework\\src\\Illuminate\\Database\\Query\\Builder.php(2338): Illuminate\\Database\\Query\\Builder->runSelect()
#14 C:\\University\\Aston - CompSci\\YEAR 2\\TP\\Submission 3\\Website\\GitHub\\immature-web\\immature\\vendor\\laravel\\framework\\src\\Illuminate\\Database\\Query\\Builder.php(2872): Illuminate\\Database\\Query\\Builder->Illuminate\\Database\\Query\\{closure}()
#15 C:\\University\\Aston - CompSci\\YEAR 2\\TP\\Submission 3\\Website\\GitHub\\immature-web\\immature\\vendor\\laravel\\framework\\src\\Illuminate\\Database\\Query\\Builder.php(2339): Illuminate\\Database\\Query\\Builder->onceWithColumns(Array, Object(Closure))
#16 C:\\University\\Aston - CompSci\\YEAR 2\\TP\\Submission 3\\Website\\GitHub\\immature-web\\immature\\vendor\\laravel\\framework\\src\\Illuminate\\Database\\Eloquent\\Builder.php(615): Illuminate\\Database\\Query\\Builder->get(Array)
#17 C:\\University\\Aston - CompSci\\YEAR 2\\TP\\Submission 3\\Website\\GitHub\\immature-web\\immature\\vendor\\laravel\\framework\\src\\Illuminate\\Database\\Eloquent\\Builder.php(599): Illuminate\\Database\\Eloquent\\Builder->getModels(Array)
#18 C:\\University\\Aston - CompSci\\YEAR 2\\TP\\Submission 3\\Website\\GitHub\\immature-web\\immature\\vendor\\laravel\\framework\\src\\Illuminate\\Support\\Traits\\ForwardsCalls.php(23): Illuminate\\Database\\Eloquent\\Builder->get()
#19 C:\\University\\Aston - CompSci\\YEAR 2\\TP\\Submission 3\\Website\\GitHub\\immature-web\\immature\\vendor\\laravel\\framework\\src\\Illuminate\\Database\\Eloquent\\Model.php(2109): Illuminate\\Database\\Eloquent\\Model->forwardCallTo(Object(Illuminate\\Database\\Eloquent\\Builder), 'get', Array)
#20 C:\\University\\Aston - CompSci\\YEAR 2\\TP\\Submission 3\\Website\\GitHub\\immature-web\\immature\\vendor\\laravel\\framework\\src\\Illuminate\\Database\\Eloquent\\Model.php(2121): Illuminate\\Database\\Eloquent\\Model->__call('get', Array)
#21 C:\\University\\Aston - CompSci\\YEAR 2\\TP\\Submission 3\\Website\\GitHub\\immature-web\\immature\\app\\Providers\\AppServiceProvider.php(41): Illuminate\\Database\\Eloquent\\Model::__callStatic('get', Array)
#22 C:\\University\\Aston - CompSci\\YEAR 2\\TP\\Submission 3\\Website\\GitHub\\immature-web\\immature\\vendor\\laravel\\framework\\src\\Illuminate\\Container\\BoundMethod.php(36): App\\Providers\\AppServiceProvider->boot()
#23 C:\\University\\Aston - CompSci\\YEAR 2\\TP\\Submission 3\\Website\\GitHub\\immature-web\\immature\\vendor\\laravel\\framework\\src\\Illuminate\\Container\\Util.php(40): Illuminate\\Container\\BoundMethod::Illuminate\\Container\\{closure}()
#24 C:\\University\\Aston - CompSci\\YEAR 2\\TP\\Submission 3\\Website\\GitHub\\immature-web\\immature\\vendor\\laravel\\framework\\src\\Illuminate\\Container\\BoundMethod.php(93): Illuminate\\Container\\Util::unwrapIfClosure(Object(Closure))
#25 C:\\University\\Aston - CompSci\\YEAR 2\\TP\\Submission 3\\Website\\GitHub\\immature-web\\immature\\vendor\\laravel\\framework\\src\\Illuminate\\Container\\BoundMethod.php(37): Illuminate\\Container\\BoundMethod::callBoundMethod(Object(Illuminate\\Foundation\\Application), Array, Object(Closure))
#26 C:\\University\\Aston - CompSci\\YEAR 2\\TP\\Submission 3\\Website\\GitHub\\immature-web\\immature\\vendor\\laravel\\framework\\src\\Illuminate\\Container\\Container.php(653): Illuminate\\Container\\BoundMethod::call(Object(Illuminate\\Foundation\\Application), Array, Array, NULL)
#27 C:\\University\\Aston - CompSci\\YEAR 2\\TP\\Submission 3\\Website\\GitHub\\immature-web\\immature\\vendor\\laravel\\framework\\src\\Illuminate\\Foundation\\Application.php(914): Illuminate\\Container\\Container->call(Array)
#28 C:\\University\\Aston - CompSci\\YEAR 2\\TP\\Submission 3\\Website\\GitHub\\immature-web\\immature\\vendor\\laravel\\framework\\src\\Illuminate\\Foundation\\Application.php(895): Illuminate\\Foundation\\Application->bootProvider(Object(App\\Providers\\AppServiceProvider))
#29 [internal function]: Illuminate\\Foundation\\Application->Illuminate\\Foundation\\{closure}(Object(App\\Providers\\AppServiceProvider), 23)
#30 C:\\University\\Aston - CompSci\\YEAR 2\\TP\\Submission 3\\Website\\GitHub\\immature-web\\immature\\vendor\\laravel\\framework\\src\\Illuminate\\Foundation\\Application.php(896): array_walk(Array, Object(Closure))
#31 C:\\University\\Aston - CompSci\\YEAR 2\\TP\\Submission 3\\Website\\GitHub\\immature-web\\immature\\vendor\\laravel\\framework\\src\\Illuminate\\Foundation\\Bootstrap\\BootProviders.php(17): Illuminate\\Foundation\\Application->boot()
#32 C:\\University\\Aston - CompSci\\YEAR 2\\TP\\Submission 3\\Website\\GitHub\\immature-web\\immature\\vendor\\laravel\\framework\\src\\Illuminate\\Foundation\\Application.php(237): Illuminate\\Foundation\\Bootstrap\\BootProviders->bootstrap(Object(Illuminate\\Foundation\\Application))
#33 C:\\University\\Aston - CompSci\\YEAR 2\\TP\\Submission 3\\Website\\GitHub\\immature-web\\immature\\vendor\\laravel\\framework\\src\\Illuminate\\Foundation\\Console\\Kernel.php(310): Illuminate\\Foundation\\Application->bootstrapWith(Array)
#34 C:\\University\\Aston - CompSci\\YEAR 2\\TP\\Submission 3\\Website\\GitHub\\immature-web\\immature\\vendor\\laravel\\framework\\src\\Illuminate\\Foundation\\Console\\Kernel.php(127): Illuminate\\Foundation\\Console\\Kernel->bootstrap()
#35 C:\\University\\Aston - CompSci\\YEAR 2\\TP\\Submission 3\\Website\\GitHub\\immature-web\\immature\\artisan(37): Illuminate\\Foundation\\Console\\Kernel->handle(Object(Symfony\\Component\\Console\\Input\\ArgvInput), Object(Symfony\\Component\\Console\\Output\\ConsoleOutput))
#36 {main}
"} 
[2021-11-27 14:53:39] local.ERROR: No application encryption key has been specified. {"exception":"[object] (Illuminate\\Encryption\\MissingAppKeyException(code: 0): No application encryption key has been specified. at C:\\University\\Aston - CompSci\\YEAR 2\\TP\\Submission 3\\Website\\GitHub\\immature-web\\immature\\vendor\\laravel\\framework\\src\\Illuminate\\Encryption\\EncryptionServiceProvider.php:101)
[stacktrace]
#0 C:\\University\\Aston - CompSci\\YEAR 2\\TP\\Submission 3\\Website\\GitHub\\immature-web\\immature\\vendor\\laravel\\framework\\src\\Illuminate\\Support\\helpers.php(263): Illuminate\\Encryption\\EncryptionServiceProvider->Illuminate\\Encryption\\{closure}('')
#1 C:\\University\\Aston - CompSci\\YEAR 2\\TP\\Submission 3\\Website\\GitHub\\immature-web\\immature\\vendor\\laravel\\framework\\src\\Illuminate\\Encryption\\EncryptionServiceProvider.php(103): tap('', Object(Closure))
#2 C:\\University\\Aston - CompSci\\YEAR 2\\TP\\Submission 3\\Website\\GitHub\\immature-web\\immature\\vendor\\laravel\\framework\\src\\Illuminate\\Encryption\\EncryptionServiceProvider.php(82): Illuminate\\Encryption\\EncryptionServiceProvider->key(Array)
#3 C:\\University\\Aston - CompSci\\YEAR 2\\TP\\Submission 3\\Website\\GitHub\\immature-web\\immature\\vendor\\laravel\\framework\\src\\Illuminate\\Encryption\\EncryptionServiceProvider.php(34): Illuminate\\Encryption\\EncryptionServiceProvider->parseKey(Array)
#4 C:\\University\\Aston - CompSci\\YEAR 2\\TP\\Submission 3\\Website\\GitHub\\immature-web\\immature\\vendor\\laravel\\framework\\src\\Illuminate\\Container\\Container.php(873): Illuminate\\Encryption\\EncryptionServiceProvider->Illuminate\\Encryption\\{closure}(Object(Illuminate\\Foundation\\Application), Array)
#5 C:\\University\\Aston - CompSci\\YEAR 2\\TP\\Submission 3\\Website\\GitHub\\immature-web\\immature\\vendor\\laravel\\framework\\src\\Illuminate\\Container\\Container.php(758): Illuminate\\Container\\Container->build(Object(Closure))
#6 C:\\University\\Aston - CompSci\\YEAR 2\\TP\\Submission 3\\Website\\GitHub\\immature-web\\immature\\vendor\\laravel\\framework\\src\\Illuminate\\Foundation\\Application.php(841): Illuminate\\Container\\Container->resolve('encrypter', Array, true)
#7 C:\\University\\Aston - CompSci\\YEAR 2\\TP\\Submission 3\\Website\\GitHub\\immature-web\\immature\\vendor\\laravel\\framework\\src\\Illuminate\\Container\\Container.php(694): Illuminate\\Foundation\\Application->resolve('encrypter', Array)
#8 C:\\University\\Aston - CompSci\\YEAR 2\\TP\\Submission 3\\Website\\GitHub\\immature-web\\immature\\vendor\\laravel\\framework\\src\\Illuminate\\Foundation\\Application.php(826): Illuminate\\Container\\Container->make('encrypter', Array)
#9 C:\\University\\Aston - CompSci\\YEAR 2\\TP\\Submission 3\\Website\\GitHub\\immature-web\\immature\\vendor\\laravel\\framework\\src\\Illuminate\\Container\\Container.php(1031): Illuminate\\Foundation\\Application->make('encrypter')
#10 C:\\University\\Aston - CompSci\\YEAR 2\\TP\\Submission 3\\Website\\GitHub\\immature-web\\immature\\vendor\\laravel\\framework\\src\\Illuminate\\Container\\Container.php(951): Illuminate\\Container\\Container->resolveClass(Object(ReflectionParameter))
#11 C:\\University\\Aston - CompSci\\YEAR 2\\TP\\Submission 3\\Website\\GitHub\\immature-web\\immature\\vendor\\laravel\\framework\\src\\Illuminate\\Container\\Container.php(912): Illuminate\\Container\\Container->resolveDependencies(Array)
#12 C:\\University\\Aston - CompSci\\YEAR 2\\TP\\Submission 3\\Website\\GitHub\\immature-web\\immature\\vendor\\laravel\\framework\\src\\Illuminate\\Container\\Container.php(758): Illuminate\\Container\\Container->build('App\\\\Http\\\\Middle...')
#13 C:\\University\\Aston - CompSci\\YEAR 2\\TP\\Submission 3\\Website\\GitHub\\immature-web\\immature\\vendor\\laravel\\framework\\src\\Illuminate\\Foundation\\Application.php(841): Illuminate\\Container\\Container->resolve('App\\\\Http\\\\Middle...', Array, true)
#14 C:\\University\\Aston - CompSci\\YEAR 2\\TP\\Submission 3\\Website\\GitHub\\immature-web\\immature\\vendor\\laravel\\framework\\src\\Illuminate\\Container\\Container.php(694): Illuminate\\Foundation\\Application->resolve('App\\\\Http\\\\Middle...', Array)
#15 C:\\University\\Aston - CompSci\\YEAR 2\\TP\\Submission 3\\Website\\GitHub\\immature-web\\immature\\vendor\\laravel\\framework\\src\\Illuminate\\Foundation\\Application.php(826): Illuminate\\Container\\Container->make('App\\\\Http\\\\Middle...', Array)
#16 C:\\University\\Aston - CompSci\\YEAR 2\\TP\\Submission 3\\Website\\GitHub\\immature-web\\immature\\vendor\\laravel\\framework\\src\\Illuminate\\Pipeline\\Pipeline.php(156): Illuminate\\Foundation\\Application->make('App\\\\Http\\\\Middle...')
#17 C:\\University\\Aston - CompSci\\YEAR 2\\TP\\Submission 3\\Website\\GitHub\\immature-web\\immature\\vendor\\laravel\\framework\\src\\Illuminate\\Pipeline\\Pipeline.php(103): Illuminate\\Pipeline\\Pipeline->Illuminate\\Pipeline\\{closure}(Object(Illuminate\\Http\\Request))
#18 C:\\University\\Aston - CompSci\\YEAR 2\\TP\\Submission 3\\Website\\GitHub\\immature-web\\immature\\vendor\\laravel\\framework\\src\\Illuminate\\Routing\\Router.php(697): Illuminate\\Pipeline\\Pipeline->then(Object(Closure))
#19 C:\\University\\Aston - CompSci\\YEAR 2\\TP\\Submission 3\\Website\\GitHub\\immature-web\\immature\\vendor\\laravel\\framework\\src\\Illuminate\\Routing\\Router.php(672): Illuminate\\Routing\\Router->runRouteWithinStack(Object(Illuminate\\Routing\\Route), Object(Illuminate\\Http\\Request))
#20 C:\\University\\Aston - CompSci\\YEAR 2\\TP\\Submission 3\\Website\\GitHub\\immature-web\\immature\\vendor\\laravel\\framework\\src\\Illuminate\\Routing\\Router.php(636): Illuminate\\Routing\\Router->runRoute(Object(Illuminate\\Http\\Request), Object(Illuminate\\Routing\\Route))
#21 C:\\University\\Aston - CompSci\\YEAR 2\\TP\\Submission 3\\Website\\GitHub\\immature-web\\immature\\vendor\\laravel\\framework\\src\\Illuminate\\Routing\\Router.php(625): Illuminate\\Routing\\Router->dispatchToRoute(Object(Illuminate\\Http\\Request))
#22 C:\\University\\Aston - CompSci\\YEAR 2\\TP\\Submission 3\\Website\\GitHub\\immature-web\\immature\\vendor\\laravel\\framework\\src\\Illuminate\\Foundation\\Http\\Kernel.php(166): Illuminate\\Routing\\Router->dispatch(Object(Illuminate\\Http\\Request))
#23 C:\\University\\Aston - CompSci\\YEAR 2\\TP\\Submission 3\\Website\\GitHub\\immature-web\\immature\\vendor\\laravel\\framework\\src\\Illuminate\\Pipeline\\Pipeline.php(128): Illuminate\\Foundation\\Http\\Kernel->Illuminate\\Foundation\\Http\\{closure}(Object(Illuminate\\Http\\Request))
#24 C:\\University\\Aston - CompSci\\YEAR 2\\TP\\Submission 3\\Website\\GitHub\\immature-web\\immature\\vendor\\laravel\\framework\\src\\Illuminate\\Foundation\\Http\\Middleware\\TransformsRequest.php(21): Illuminate\\Pipeline\\Pipeline->Illuminate\\Pipeline\\{closure}(Object(Illuminate\\Http\\Request))
#25 C:\\University\\Aston - CompSci\\YEAR 2\\TP\\Submission 3\\Website\\GitHub\\immature-web\\immature\\vendor\\laravel\\framework\\src\\Illuminate\\Foundation\\Http\\Middleware\\ConvertEmptyStringsToNull.php(31): Illuminate\\Foundation\\Http\\Middleware\\TransformsRequest->handle(Object(Illuminate\\Http\\Request), Object(Closure))
#26 C:\\University\\Aston - CompSci\\YEAR 2\\TP\\Submission 3\\Website\\GitHub\\immature-web\\immature\\vendor\\laravel\\framework\\src\\Illuminate\\Pipeline\\Pipeline.php(167): Illuminate\\Foundation\\Http\\Middleware\\ConvertEmptyStringsToNull->handle(Object(Illuminate\\Http\\Request), Object(Closure))
#27 C:\\University\\Aston - CompSci\\YEAR 2\\TP\\Submission 3\\Website\\GitHub\\immature-web\\immature\\vendor\\laravel\\framework\\src\\Illuminate\\Foundation\\Http\\Middleware\\TransformsRequest.php(21): Illuminate\\Pipeline\\Pipeline->Illuminate\\Pipeline\\{closure}(Object(Illuminate\\Http\\Request))
#28 C:\\University\\Aston - CompSci\\YEAR 2\\TP\\Submission 3\\Website\\GitHub\\immature-web\\immature\\vendor\\laravel\\framework\\src\\Illuminate\\Foundation\\Http\\Middleware\\TrimStrings.php(40): Illuminate\\Foundation\\Http\\Middleware\\TransformsRequest->handle(Object(Illuminate\\Http\\Request), Object(Closure))
#29 C:\\University\\Aston - CompSci\\YEAR 2\\TP\\Submission 3\\Website\\GitHub\\immature-web\\immature\\vendor\\laravel\\framework\\src\\Illuminate\\Pipeline\\Pipeline.php(167): Illuminate\\Foundation\\Http\\Middleware\\TrimStrings->handle(Object(Illuminate\\Http\\Request), Object(Closure))
#30 C:\\University\\Aston - CompSci\\YEAR 2\\TP\\Submission 3\\Website\\GitHub\\immature-web\\immature\\vendor\\laravel\\framework\\src\\Illuminate\\Foundation\\Http\\Middleware\\ValidatePostSize.php(27): Illuminate\\Pipeline\\Pipeline->Illuminate\\Pipeline\\{closure}(Object(Illuminate\\Http\\Request))
#31 C:\\University\\Aston - CompSci\\YEAR 2\\TP\\Submission 3\\Website\\GitHub\\immature-web\\immature\\vendor\\laravel\\framework\\src\\Illuminate\\Pipeline\\Pipeline.php(167): Illuminate\\Foundation\\Http\\Middleware\\ValidatePostSize->handle(Object(Illuminate\\Http\\Request), Object(Closure))
#32 C:\\University\\Aston - CompSci\\YEAR 2\\TP\\Submission 3\\Website\\GitHub\\immature-web\\immature\\vendor\\laravel\\framework\\src\\Illuminate\\Foundation\\Http\\Middleware\\PreventRequestsDuringMaintenance.php(86): Illuminate\\Pipeline\\Pipeline->Illuminate\\Pipeline\\{closure}(Object(Illuminate\\Http\\Request))
#33 C:\\University\\Aston - CompSci\\YEAR 2\\TP\\Submission 3\\Website\\GitHub\\immature-web\\immature\\vendor\\laravel\\framework\\src\\Illuminate\\Pipeline\\Pipeline.php(167): Illuminate\\Foundation\\Http\\Middleware\\PreventRequestsDuringMaintenance->handle(Object(Illuminate\\Http\\Request), Object(Closure))
#34 C:\\University\\Aston - CompSci\\YEAR 2\\TP\\Submission 3\\Website\\GitHub\\immature-web\\immature\\vendor\\fruitcake\\laravel-cors\\src\\HandleCors.php(38): Illuminate\\Pipeline\\Pipeline->Illuminate\\Pipeline\\{closure}(Object(Illuminate\\Http\\Request))
#35 C:\\University\\Aston - CompSci\\YEAR 2\\TP\\Submission 3\\Website\\GitHub\\immature-web\\immature\\vendor\\laravel\\framework\\src\\Illuminate\\Pipeline\\Pipeline.php(167): Fruitcake\\Cors\\HandleCors->handle(Object(Illuminate\\Http\\Request), Object(Closure))
#36 C:\\University\\Aston - CompSci\\YEAR 2\\TP\\Submission 3\\Website\\GitHub\\immature-web\\immature\\vendor\\laravel\\framework\\src\\Illuminate\\Http\\Middleware\\TrustProxies.php(39): Illuminate\\Pipeline\\Pipeline->Illuminate\\Pipeline\\{closure}(Object(Illuminate\\Http\\Request))
#37 C:\\University\\Aston - CompSci\\YEAR 2\\TP\\Submission 3\\Website\\GitHub\\immature-web\\immature\\vendor\\laravel\\framework\\src\\Illuminate\\Pipeline\\Pipeline.php(167): Illuminate\\Http\\Middleware\\TrustProxies->handle(Object(Illuminate\\Http\\Request), Object(Closure))
#38 C:\\University\\Aston - CompSci\\YEAR 2\\TP\\Submission 3\\Website\\GitHub\\immature-web\\immature\\vendor\\laravel\\framework\\src\\Illuminate\\Pipeline\\Pipeline.php(103): Illuminate\\Pipeline\\Pipeline->Illuminate\\Pipeline\\{closure}(Object(Illuminate\\Http\\Request))
#39 C:\\University\\Aston - CompSci\\YEAR 2\\TP\\Submission 3\\Website\\GitHub\\immature-web\\immature\\vendor\\laravel\\framework\\src\\Illuminate\\Foundation\\Http\\Kernel.php(141): Illuminate\\Pipeline\\Pipeline->then(Object(Closure))
#40 C:\\University\\Aston - CompSci\\YEAR 2\\TP\\Submission 3\\Website\\GitHub\\immature-web\\immature\\vendor\\laravel\\framework\\src\\Illuminate\\Foundation\\Http\\Kernel.php(110): Illuminate\\Foundation\\Http\\Kernel->sendRequestThroughRouter(Object(Illuminate\\Http\\Request))
#41 C:\\University\\Aston - CompSci\\YEAR 2\\TP\\Submission 3\\Website\\GitHub\\immature-web\\immature\\public\\index.php(52): Illuminate\\Foundation\\Http\\Kernel->handle(Object(Illuminate\\Http\\Request))
#42 C:\\University\\Aston - CompSci\\YEAR 2\\TP\\Submission 3\\Website\\GitHub\\immature-web\\immature\\server.php(21): require_once('C:\\\\University\\\\A...')
#43 {main}
"} 
[2021-11-27 14:53:39] local.ERROR: No application encryption key has been specified. {"exception":"[object] (Illuminate\\Encryption\\MissingAppKeyException(code: 0): No application encryption key has been specified. at C:\\University\\Aston - CompSci\\YEAR 2\\TP\\Submission 3\\Website\\GitHub\\immature-web\\immature\\vendor\\laravel\\framework\\src\\Illuminate\\Encryption\\EncryptionServiceProvider.php:101)
[stacktrace]
#0 C:\\University\\Aston - CompSci\\YEAR 2\\TP\\Submission 3\\Website\\GitHub\\immature-web\\immature\\vendor\\laravel\\framework\\src\\Illuminate\\Support\\helpers.php(263): Illuminate\\Encryption\\EncryptionServiceProvider->Illuminate\\Encryption\\{closure}('')
#1 C:\\University\\Aston - CompSci\\YEAR 2\\TP\\Submission 3\\Website\\GitHub\\immature-web\\immature\\vendor\\laravel\\framework\\src\\Illuminate\\Encryption\\EncryptionServiceProvider.php(103): tap('', Object(Closure))
#2 C:\\University\\Aston - CompSci\\YEAR 2\\TP\\Submission 3\\Website\\GitHub\\immature-web\\immature\\vendor\\laravel\\framework\\src\\Illuminate\\Encryption\\EncryptionServiceProvider.php(82): Illuminate\\Encryption\\EncryptionServiceProvider->key(Array)
#3 C:\\University\\Aston - CompSci\\YEAR 2\\TP\\Submission 3\\Website\\GitHub\\immature-web\\immature\\vendor\\laravel\\framework\\src\\Illuminate\\Encryption\\EncryptionServiceProvider.php(34): Illuminate\\Encryption\\EncryptionServiceProvider->parseKey(Array)
#4 C:\\University\\Aston - CompSci\\YEAR 2\\TP\\Submission 3\\Website\\GitHub\\immature-web\\immature\\vendor\\laravel\\framework\\src\\Illuminate\\Container\\Container.php(873): Illuminate\\Encryption\\EncryptionServiceProvider->Illuminate\\Encryption\\{closure}(Object(Illuminate\\Foundation\\Application), Array)
#5 C:\\University\\Aston - CompSci\\YEAR 2\\TP\\Submission 3\\Website\\GitHub\\immature-web\\immature\\vendor\\laravel\\framework\\src\\Illuminate\\Container\\Container.php(758): Illuminate\\Container\\Container->build(Object(Closure))
#6 C:\\University\\Aston - CompSci\\YEAR 2\\TP\\Submission 3\\Website\\GitHub\\immature-web\\immature\\vendor\\laravel\\framework\\src\\Illuminate\\Foundation\\Application.php(841): Illuminate\\Container\\Container->resolve('encrypter', Array, true)
#7 C:\\University\\Aston - CompSci\\YEAR 2\\TP\\Submission 3\\Website\\GitHub\\immature-web\\immature\\vendor\\laravel\\framework\\src\\Illuminate\\Container\\Container.php(694): Illuminate\\Foundation\\Application->resolve('encrypter', Array)
#8 C:\\University\\Aston - CompSci\\YEAR 2\\TP\\Submission 3\\Website\\GitHub\\immature-web\\immature\\vendor\\laravel\\framework\\src\\Illuminate\\Foundation\\Application.php(826): Illuminate\\Container\\Container->make('encrypter', Array)
#9 C:\\University\\Aston - CompSci\\YEAR 2\\TP\\Submission 3\\Website\\GitHub\\immature-web\\immature\\vendor\\laravel\\framework\\src\\Illuminate\\Container\\Container.php(1031): Illuminate\\Foundation\\Application->make('encrypter')
#10 C:\\University\\Aston - CompSci\\YEAR 2\\TP\\Submission 3\\Website\\GitHub\\immature-web\\immature\\vendor\\laravel\\framework\\src\\Illuminate\\Container\\Container.php(951): Illuminate\\Container\\Container->resolveClass(Object(ReflectionParameter))
#11 C:\\University\\Aston - CompSci\\YEAR 2\\TP\\Submission 3\\Website\\GitHub\\immature-web\\immature\\vendor\\laravel\\framework\\src\\Illuminate\\Container\\Container.php(912): Illuminate\\Container\\Container->resolveDependencies(Array)
#12 C:\\University\\Aston - CompSci\\YEAR 2\\TP\\Submission 3\\Website\\GitHub\\immature-web\\immature\\vendor\\laravel\\framework\\src\\Illuminate\\Container\\Container.php(758): Illuminate\\Container\\Container->build('App\\\\Http\\\\Middle...')
#13 C:\\University\\Aston - CompSci\\YEAR 2\\TP\\Submission 3\\Website\\GitHub\\immature-web\\immature\\vendor\\laravel\\framework\\src\\Illuminate\\Foundation\\Application.php(841): Illuminate\\Container\\Container->resolve('App\\\\Http\\\\Middle...', Array, true)
#14 C:\\University\\Aston - CompSci\\YEAR 2\\TP\\Submission 3\\Website\\GitHub\\immature-web\\immature\\vendor\\laravel\\framework\\src\\Illuminate\\Container\\Container.php(694): Illuminate\\Foundation\\Application->resolve('App\\\\Http\\\\Middle...', Array)
#15 C:\\University\\Aston - CompSci\\YEAR 2\\TP\\Submission 3\\Website\\GitHub\\immature-web\\immature\\vendor\\laravel\\framework\\src\\Illuminate\\Foundation\\Application.php(826): Illuminate\\Container\\Container->make('App\\\\Http\\\\Middle...', Array)
#16 C:\\University\\Aston - CompSci\\YEAR 2\\TP\\Submission 3\\Website\\GitHub\\immature-web\\immature\\vendor\\laravel\\framework\\src\\Illuminate\\Foundation\\Http\\Kernel.php(205): Illuminate\\Foundation\\Application->make('App\\\\Http\\\\Middle...')
#17 C:\\University\\Aston - CompSci\\YEAR 2\\TP\\Submission 3\\Website\\GitHub\\immature-web\\immature\\vendor\\laravel\\framework\\src\\Illuminate\\Foundation\\Http\\Kernel.php(179): Illuminate\\Foundation\\Http\\Kernel->terminateMiddleware(Object(Illuminate\\Http\\Request), Object(Illuminate\\Http\\Response))
#18 C:\\University\\Aston - CompSci\\YEAR 2\\TP\\Submission 3\\Website\\GitHub\\immature-web\\immature\\public\\index.php(55): Illuminate\\Foundation\\Http\\Kernel->terminate(Object(Illuminate\\Http\\Request), Object(Illuminate\\Http\\Response))
#19 C:\\University\\Aston - CompSci\\YEAR 2\\TP\\Submission 3\\Website\\GitHub\\immature-web\\immature\\server.php(21): require_once('C:\\\\University\\\\A...')
#20 {main}
"} 
[2021-12-04 15:20:20] local.ERROR: Command "optimise" is not defined.

Did you mean one of these?
    optimize
    optimize:clear {"exception":"[object] (Symfony\\Component\\Console\\Exception\\CommandNotFoundException(code: 0): Command \"optimise\" is not defined.

Did you mean one of these?
    optimize
    optimize:clear at C:\\University\\Aston - CompSci\\YEAR 2\\TP\\Submission 3\\Website\\GitHub\\immature-web\\immature\\vendor\\symfony\\console\\Application.php:682)
[stacktrace]
#0 C:\\University\\Aston - CompSci\\YEAR 2\\TP\\Submission 3\\Website\\GitHub\\immature-web\\immature\\vendor\\symfony\\console\\Application.php(255): Symfony\\Component\\Console\\Application->find('optimise')
#1 C:\\University\\Aston - CompSci\\YEAR 2\\TP\\Submission 3\\Website\\GitHub\\immature-web\\immature\\vendor\\symfony\\console\\Application.php(167): Symfony\\Component\\Console\\Application->doRun(Object(Symfony\\Component\\Console\\Input\\ArgvInput), Object(Symfony\\Component\\Console\\Output\\ConsoleOutput))
#2 C:\\University\\Aston - CompSci\\YEAR 2\\TP\\Submission 3\\Website\\GitHub\\immature-web\\immature\\vendor\\laravel\\framework\\src\\Illuminate\\Console\\Application.php(94): Symfony\\Component\\Console\\Application->run(Object(Symfony\\Component\\Console\\Input\\ArgvInput), Object(Symfony\\Component\\Console\\Output\\ConsoleOutput))
#3 C:\\University\\Aston - CompSci\\YEAR 2\\TP\\Submission 3\\Website\\GitHub\\immature-web\\immature\\vendor\\laravel\\framework\\src\\Illuminate\\Foundation\\Console\\Kernel.php(129): Illuminate\\Console\\Application->run(Object(Symfony\\Component\\Console\\Input\\ArgvInput), Object(Symfony\\Component\\Console\\Output\\ConsoleOutput))
#4 C:\\University\\Aston - CompSci\\YEAR 2\\TP\\Submission 3\\Website\\GitHub\\immature-web\\immature\\artisan(37): Illuminate\\Foundation\\Console\\Kernel->handle(Object(Symfony\\Component\\Console\\Input\\ArgvInput), Object(Symfony\\Component\\Console\\Output\\ConsoleOutput))
#5 {main}
"} 
[2021-12-04 15:20:31] local.ERROR: Command "optomize" is not defined.

Did you mean one of these?
    optimize
    optimize:clear {"exception":"[object] (Symfony\\Component\\Console\\Exception\\CommandNotFoundException(code: 0): Command \"optomize\" is not defined.

Did you mean one of these?
    optimize
    optimize:clear at C:\\University\\Aston - CompSci\\YEAR 2\\TP\\Submission 3\\Website\\GitHub\\immature-web\\immature\\vendor\\symfony\\console\\Application.php:682)
[stacktrace]
#0 C:\\University\\Aston - CompSci\\YEAR 2\\TP\\Submission 3\\Website\\GitHub\\immature-web\\immature\\vendor\\symfony\\console\\Application.php(255): Symfony\\Component\\Console\\Application->find('optomize')
#1 C:\\University\\Aston - CompSci\\YEAR 2\\TP\\Submission 3\\Website\\GitHub\\immature-web\\immature\\vendor\\symfony\\console\\Application.php(167): Symfony\\Component\\Console\\Application->doRun(Object(Symfony\\Component\\Console\\Input\\ArgvInput), Object(Symfony\\Component\\Console\\Output\\ConsoleOutput))
#2 C:\\University\\Aston - CompSci\\YEAR 2\\TP\\Submission 3\\Website\\GitHub\\immature-web\\immature\\vendor\\laravel\\framework\\src\\Illuminate\\Console\\Application.php(94): Symfony\\Component\\Console\\Application->run(Object(Symfony\\Component\\Console\\Input\\ArgvInput), Object(Symfony\\Component\\Console\\Output\\ConsoleOutput))
#3 C:\\University\\Aston - CompSci\\YEAR 2\\TP\\Submission 3\\Website\\GitHub\\immature-web\\immature\\vendor\\laravel\\framework\\src\\Illuminate\\Foundation\\Console\\Kernel.php(129): Illuminate\\Console\\Application->run(Object(Symfony\\Component\\Console\\Input\\ArgvInput), Object(Symfony\\Component\\Console\\Output\\ConsoleOutput))
#4 C:\\University\\Aston - CompSci\\YEAR 2\\TP\\Submission 3\\Website\\GitHub\\immature-web\\immature\\artisan(37): Illuminate\\Foundation\\Console\\Kernel->handle(Object(Symfony\\Component\\Console\\Input\\ArgvInput), Object(Symfony\\Component\\Console\\Output\\ConsoleOutput))
#5 {main}
"} 
